INFO 2025-06-03 16:03:05,099 tasks 15 281473523236880 Starting deletion of outdated events
INFO 2025-06-03 16:03:05,100 tasks 15 281473523236880 Checking events before 2025-06-02 (UTC)
INFO 2025-06-03 16:03:10,204 tasks 15 281473523236880 Found 0 multi-day events to delete: []
INFO 2025-06-03 16:03:10,204 tasks 15 281473523236880 Found 0 single-day events (no end date) to delete: []
INFO 2025-06-03 16:03:10,204 tasks 15 281473523236880 Found 0 single-day events (same dates) to delete: []
INFO 2025-06-03 16:03:10,208 tasks 15 281473523236880 Successfully deleted 0 events with outdated dates
WARNING 2025-06-03 16:04:10,932 log 10 281473288503776 Not Found: /
WARNING 2025-06-03 16:04:11,246 log 10 281473288503776 Not Found: /favicon.ico
WARNING 2025-06-03 16:04:14,818 log 11 281473288503776 Not Found: /static/admin/css/base.css
WARNING 2025-06-03 16:04:14,820 log 10 281473288503776 Not Found: /static/admin/css/dark_mode.css
WARNING 2025-06-03 16:04:14,822 log 10 281473275920864 Not Found: /static/admin/css/login.css
WARNING 2025-06-03 16:04:14,827 log 10 281473275920864 Not Found: /static/admin/css/nav_sidebar.css
WARNING 2025-06-03 16:04:14,828 log 10 281473288503776 Not Found: /static/admin/css/responsive.css
WARNING 2025-06-03 16:04:14,840 log 10 281473275920864 Not Found: /static/admin/js/theme.js
WARNING 2025-06-03 16:04:14,841 log 10 281473288503776 Not Found: /static/admin/js/nav_sidebar.js
INFO 2025-06-03 16:05:00,034 tasks 15 281473523236880 Starting deletion of outdated events
INFO 2025-06-03 16:05:00,035 tasks 15 281473523236880 Checking events before 2025-06-02 (UTC)
INFO 2025-06-03 16:05:00,105 tasks 15 281473523236880 Found 0 multi-day events to delete: []
INFO 2025-06-03 16:05:00,105 tasks 15 281473523236880 Found 0 single-day events (no end date) to delete: []
INFO 2025-06-03 16:05:00,106 tasks 15 281473523236880 Found 0 single-day events (same dates) to delete: []
INFO 2025-06-03 16:05:00,112 tasks 15 281473523236880 Successfully deleted 0 events with outdated dates
WARNING 2025-06-03 16:05:54,271 log 10 281473275920864 Not Found: /
WARNING 2025-06-03 16:05:57,258 log 10 281473288503776 Not Found: /static/admin/css/base.css
WARNING 2025-06-03 16:05:57,259 log 10 281473275920864 Not Found: /static/admin/css/nav_sidebar.css
WARNING 2025-06-03 16:05:57,311 log 9 281473288503776 Not Found: /static/admin/css/dark_mode.css
WARNING 2025-06-03 16:05:57,366 log 9 281473288503776 Not Found: /static/admin/css/login.css
WARNING 2025-06-03 16:05:57,367 log 10 281473275920864 Not Found: /static/admin/css/responsive.css
WARNING 2025-06-03 16:05:57,369 log 10 281473288503776 Not Found: /static/admin/js/theme.js
WARNING 2025-06-03 16:05:57,371 log 9 281473288503776 Not Found: /static/admin/js/nav_sidebar.js
WARNING 2025-06-03 16:05:59,336 log 9 281473288503776 Not Found: /static/admin/css/base.css
WARNING 2025-06-03 16:05:59,339 log 10 281473275920864 Not Found: /static/admin/css/dark_mode.css
WARNING 2025-06-03 16:05:59,345 log 10 281473288503776 Not Found: /static/admin/css/nav_sidebar.css
WARNING 2025-06-03 16:05:59,346 log 10 281473275920864 Not Found: /static/admin/css/dashboard.css
WARNING 2025-06-03 16:05:59,357 log 10 281473275920864 Not Found: /static/admin/js/theme.js
WARNING 2025-06-03 16:05:59,358 log 10 281473288503776 Not Found: /static/admin/js/nav_sidebar.js
WARNING 2025-06-03 16:05:59,393 log 12 281473288503776 Not Found: /static/admin/css/responsive.css
WARNING 2025-06-03 16:06:00,973 log 12 281473288503776 Not Found: /static/admin/css/base.css
WARNING 2025-06-03 16:06:00,977 log 10 281473288503776 Not Found: /static/admin/css/nav_sidebar.css
WARNING 2025-06-03 16:06:00,978 log 10 281473275920864 Not Found: /static/admin/css/dark_mode.css
WARNING 2025-06-03 16:06:00,980 log 12 281473288503776 Not Found: /static/admin/css/responsive.css
WARNING 2025-06-03 16:06:00,986 log 12 281473288503776 Not Found: /static/admin/js/admin/RelatedObjectLookups.js
WARNING 2025-06-03 16:06:00,986 log 10 281473275920864 Not Found: /static/admin/css/changelists.css
WARNING 2025-06-03 16:06:00,988 log 10 281473288503776 Not Found: /static/admin/js/vendor/jquery/jquery.js
WARNING 2025-06-03 16:06:00,991 log 12 281473288503776 Not Found: /static/admin/js/actions.js
WARNING 2025-06-03 16:06:00,994 log 10 281473275920864 Not Found: /static/admin/js/core.js
WARNING 2025-06-03 16:06:00,995 log 12 281473288503776 Not Found: /static/admin/js/vendor/xregexp/xregexp.js
WARNING 2025-06-03 16:06:00,996 log 10 281473288503776 Not Found: /static/admin/js/jquery.init.js
WARNING 2025-06-03 16:06:01,002 log 10 281473275920864 Not Found: /static/admin/js/urlify.js
WARNING 2025-06-03 16:06:01,004 log 10 281473288503776 Not Found: /static/admin/js/prepopulate.js
WARNING 2025-06-03 16:06:01,008 log 10 281473275920864 Not Found: /static/admin/js/theme.js
WARNING 2025-06-03 16:06:01,013 log 10 281473288503776 Not Found: /static/admin/js/nav_sidebar.js
WARNING 2025-06-03 16:06:01,018 log 10 281473275920864 Not Found: /static/admin/js/filters.js
WARNING 2025-06-03 16:06:06,086 log 9 281473288503776 Not Found: /static/admin/css/responsive.css
INFO 2025-06-03 16:07:00,063 tasks 15 281473523236880 Starting deletion of outdated events
INFO 2025-06-03 16:07:00,065 tasks 15 281473523236880 Checking events before 2025-06-02 (UTC)
INFO 2025-06-03 16:07:00,150 tasks 15 281473523236880 Found 0 multi-day events to delete: []
INFO 2025-06-03 16:07:00,150 tasks 15 281473523236880 Found 0 single-day events (no end date) to delete: []
INFO 2025-06-03 16:07:00,150 tasks 15 281473523236880 Found 0 single-day events (same dates) to delete: []
INFO 2025-06-03 16:07:00,154 tasks 15 281473523236880 Successfully deleted 0 events with outdated dates
INFO 2025-06-03 16:08:00,046 tasks 15 281473523236880 Starting deletion of outdated events
INFO 2025-06-03 16:08:00,047 tasks 15 281473523236880 Checking events before 2025-06-02 (UTC)
INFO 2025-06-03 16:08:00,130 tasks 15 281473523236880 Found 0 multi-day events to delete: []
INFO 2025-06-03 16:08:00,130 tasks 15 281473523236880 Found 0 single-day events (no end date) to delete: []
INFO 2025-06-03 16:08:00,130 tasks 15 281473523236880 Found 0 single-day events (same dates) to delete: []
INFO 2025-06-03 16:08:00,135 tasks 15 281473523236880 Successfully deleted 0 events with outdated dates
INFO 2025-06-03 16:09:00,070 tasks 15 281473523236880 Starting deletion of outdated events
INFO 2025-06-03 16:09:00,071 tasks 15 281473523236880 Checking events before 2025-06-02 (UTC)
INFO 2025-06-03 16:09:00,147 tasks 15 281473523236880 Found 0 multi-day events to delete: []
INFO 2025-06-03 16:09:00,147 tasks 15 281473523236880 Found 0 single-day events (no end date) to delete: []
INFO 2025-06-03 16:09:00,147 tasks 15 281473523236880 Found 0 single-day events (same dates) to delete: []
INFO 2025-06-03 16:09:00,151 tasks 15 281473523236880 Successfully deleted 0 events with outdated dates
INFO 2025-06-03 16:11:00,027 tasks 15 281473523236880 Starting deletion of outdated events
INFO 2025-06-03 16:11:00,028 tasks 15 281473523236880 Checking events before 2025-06-02 (UTC)
INFO 2025-06-03 16:11:00,114 tasks 15 281473523236880 Found 0 multi-day events to delete: []
INFO 2025-06-03 16:11:00,115 tasks 15 281473523236880 Found 0 single-day events (no end date) to delete: []
INFO 2025-06-03 16:11:00,115 tasks 15 281473523236880 Found 0 single-day events (same dates) to delete: []
INFO 2025-06-03 16:11:00,119 tasks 15 281473523236880 Successfully deleted 0 events with outdated dates
INFO 2025-06-03 16:13:00,071 tasks 15 281473523236880 Starting deletion of outdated events
INFO 2025-06-03 16:13:00,071 tasks 15 281473523236880 Checking events before 2025-06-02 (UTC)
INFO 2025-06-03 16:13:00,156 tasks 15 281473523236880 Found 0 multi-day events to delete: []
INFO 2025-06-03 16:13:00,156 tasks 15 281473523236880 Found 0 single-day events (no end date) to delete: []
INFO 2025-06-03 16:13:00,157 tasks 15 281473523236880 Found 0 single-day events (same dates) to delete: []
INFO 2025-06-03 16:13:00,161 tasks 15 281473523236880 Successfully deleted 0 events with outdated dates
INFO 2025-06-03 16:14:00,070 tasks 15 281473523236880 Starting deletion of outdated events
INFO 2025-06-03 16:14:00,071 tasks 15 281473523236880 Checking events before 2025-06-02 (UTC)
INFO 2025-06-03 16:14:00,152 tasks 15 281473523236880 Found 0 multi-day events to delete: []
INFO 2025-06-03 16:14:00,153 tasks 15 281473523236880 Found 0 single-day events (no end date) to delete: []
INFO 2025-06-03 16:14:00,153 tasks 15 281473523236880 Found 0 single-day events (same dates) to delete: []
INFO 2025-06-03 16:14:00,157 tasks 15 281473523236880 Successfully deleted 0 events with outdated dates
INFO 2025-06-03 16:15:00,020 tasks 15 281473523236880 Starting deletion of outdated events
INFO 2025-06-03 16:15:00,020 tasks 15 281473523236880 Checking events before 2025-06-02 (UTC)
INFO 2025-06-03 16:15:00,100 tasks 15 281473523236880 Found 0 multi-day events to delete: []
INFO 2025-06-03 16:15:00,100 tasks 15 281473523236880 Found 0 single-day events (no end date) to delete: []
INFO 2025-06-03 16:15:00,100 tasks 15 281473523236880 Found 0 single-day events (same dates) to delete: []
INFO 2025-06-03 16:15:00,105 tasks 15 281473523236880 Successfully deleted 0 events with outdated dates
INFO 2025-06-03 16:16:00,027 tasks 15 281473523236880 Starting deletion of outdated events
INFO 2025-06-03 16:16:00,027 tasks 15 281473523236880 Checking events before 2025-06-02 (UTC)
INFO 2025-06-03 16:16:00,117 tasks 15 281473523236880 Found 0 multi-day events to delete: []
INFO 2025-06-03 16:16:00,117 tasks 15 281473523236880 Found 0 single-day events (no end date) to delete: []
INFO 2025-06-03 16:16:00,117 tasks 15 281473523236880 Found 0 single-day events (same dates) to delete: []
INFO 2025-06-03 16:16:00,121 tasks 15 281473523236880 Successfully deleted 0 events with outdated dates
INFO 2025-06-03 16:18:00,070 tasks 15 281473523236880 Starting deletion of outdated events
INFO 2025-06-03 16:18:00,071 tasks 15 281473523236880 Checking events before 2025-06-02 (UTC)
INFO 2025-06-03 16:18:00,151 tasks 15 281473523236880 Found 0 multi-day events to delete: []
INFO 2025-06-03 16:18:00,152 tasks 15 281473523236880 Found 0 single-day events (no end date) to delete: []
INFO 2025-06-03 16:18:00,152 tasks 15 281473523236880 Found 0 single-day events (same dates) to delete: []
INFO 2025-06-03 16:18:00,161 tasks 15 281473523236880 Successfully deleted 0 events with outdated dates
INFO 2025-06-03 16:20:00,093 tasks 15 281473523236880 Starting deletion of outdated events
INFO 2025-06-03 16:20:00,095 tasks 15 281473523236880 Checking events before 2025-06-02 (UTC)
INFO 2025-06-03 16:20:00,175 tasks 15 281473523236880 Found 0 multi-day events to delete: []
INFO 2025-06-03 16:20:00,175 tasks 15 281473523236880 Found 0 single-day events (no end date) to delete: []
INFO 2025-06-03 16:20:00,175 tasks 15 281473523236880 Found 0 single-day events (same dates) to delete: []
INFO 2025-06-03 16:20:00,180 tasks 15 281473523236880 Successfully deleted 0 events with outdated dates
INFO 2025-06-03 16:21:00,005 tasks 15 281473523236880 Starting deletion of outdated events
INFO 2025-06-03 16:21:00,006 tasks 15 281473523236880 Checking events before 2025-06-02 (UTC)
INFO 2025-06-03 16:21:00,080 tasks 15 281473523236880 Found 0 multi-day events to delete: []
INFO 2025-06-03 16:21:00,081 tasks 15 281473523236880 Found 0 single-day events (no end date) to delete: []
INFO 2025-06-03 16:21:00,081 tasks 15 281473523236880 Found 0 single-day events (same dates) to delete: []
INFO 2025-06-03 16:21:00,084 tasks 15 281473523236880 Successfully deleted 0 events with outdated dates
INFO 2025-06-03 16:24:00,065 tasks 15 281473523236880 Starting deletion of outdated events
INFO 2025-06-03 16:24:00,066 tasks 15 281473523236880 Checking events before 2025-06-02 (UTC)
INFO 2025-06-03 16:24:00,142 tasks 15 281473523236880 Found 0 multi-day events to delete: []
INFO 2025-06-03 16:24:00,143 tasks 15 281473523236880 Found 0 single-day events (no end date) to delete: []
INFO 2025-06-03 16:24:00,143 tasks 15 281473523236880 Found 0 single-day events (same dates) to delete: []
INFO 2025-06-03 16:24:00,147 tasks 15 281473523236880 Successfully deleted 0 events with outdated dates
INFO 2025-06-03 16:25:00,002 tasks 15 281473523236880 Starting deletion of outdated events
INFO 2025-06-03 16:25:00,003 tasks 15 281473523236880 Checking events before 2025-06-02 (UTC)
INFO 2025-06-03 16:25:00,073 tasks 15 281473523236880 Found 0 multi-day events to delete: []
INFO 2025-06-03 16:25:00,073 tasks 15 281473523236880 Found 0 single-day events (no end date) to delete: []
INFO 2025-06-03 16:25:00,073 tasks 15 281473523236880 Found 0 single-day events (same dates) to delete: []
INFO 2025-06-03 16:25:00,077 tasks 15 281473523236880 Successfully deleted 0 events with outdated dates
INFO 2025-06-03 16:26:00,023 tasks 15 281473523236880 Starting deletion of outdated events
INFO 2025-06-03 16:26:00,024 tasks 15 281473523236880 Checking events before 2025-06-02 (UTC)
INFO 2025-06-03 16:26:00,108 tasks 15 281473523236880 Found 0 multi-day events to delete: []
INFO 2025-06-03 16:26:00,108 tasks 15 281473523236880 Found 0 single-day events (no end date) to delete: []
INFO 2025-06-03 16:26:00,109 tasks 15 281473523236880 Found 0 single-day events (same dates) to delete: []
INFO 2025-06-03 16:26:00,113 tasks 15 281473523236880 Successfully deleted 0 events with outdated dates
INFO 2025-06-03 16:27:00,062 tasks 15 281473523236880 Starting deletion of outdated events
INFO 2025-06-03 16:27:00,063 tasks 15 281473523236880 Checking events before 2025-06-02 (UTC)
INFO 2025-06-03 16:27:00,141 tasks 15 281473523236880 Found 0 multi-day events to delete: []
INFO 2025-06-03 16:27:00,141 tasks 15 281473523236880 Found 0 single-day events (no end date) to delete: []
INFO 2025-06-03 16:27:00,141 tasks 15 281473523236880 Found 0 single-day events (same dates) to delete: []
INFO 2025-06-03 16:27:00,145 tasks 15 281473523236880 Successfully deleted 0 events with outdated dates
INFO 2025-06-03 16:29:00,037 tasks 15 281473523236880 Starting deletion of outdated events
INFO 2025-06-03 16:29:00,040 tasks 15 281473523236880 Checking events before 2025-06-02 (UTC)
INFO 2025-06-03 16:29:00,136 tasks 15 281473523236880 Found 0 multi-day events to delete: []
INFO 2025-06-03 16:29:00,136 tasks 15 281473523236880 Found 0 single-day events (no end date) to delete: []
INFO 2025-06-03 16:29:00,137 tasks 15 281473523236880 Found 0 single-day events (same dates) to delete: []
INFO 2025-06-03 16:29:00,141 tasks 15 281473523236880 Successfully deleted 0 events with outdated dates
INFO 2025-06-03 16:30:00,031 tasks 15 281473523236880 Starting deletion of outdated events
INFO 2025-06-03 16:30:00,032 tasks 15 281473523236880 Checking events before 2025-06-02 (UTC)
INFO 2025-06-03 16:30:00,115 tasks 15 281473523236880 Found 0 multi-day events to delete: []
INFO 2025-06-03 16:30:00,116 tasks 15 281473523236880 Found 0 single-day events (no end date) to delete: []
INFO 2025-06-03 16:30:00,116 tasks 15 281473523236880 Found 0 single-day events (same dates) to delete: []
INFO 2025-06-03 16:30:00,120 tasks 15 281473523236880 Successfully deleted 0 events with outdated dates
INFO 2025-06-03 16:31:00,040 tasks 15 281473523236880 Starting deletion of outdated events
INFO 2025-06-03 16:31:00,040 tasks 15 281473523236880 Checking events before 2025-06-02 (UTC)
INFO 2025-06-03 16:31:00,120 tasks 15 281473523236880 Found 0 multi-day events to delete: []
INFO 2025-06-03 16:31:00,121 tasks 15 281473523236880 Found 0 single-day events (no end date) to delete: []
INFO 2025-06-03 16:31:00,121 tasks 15 281473523236880 Found 0 single-day events (same dates) to delete: []
INFO 2025-06-03 16:31:00,124 tasks 15 281473523236880 Successfully deleted 0 events with outdated dates
INFO 2025-06-03 16:32:00,069 tasks 15 281473523236880 Starting deletion of outdated events
INFO 2025-06-03 16:32:00,070 tasks 15 281473523236880 Checking events before 2025-06-02 (UTC)
INFO 2025-06-03 16:32:00,154 tasks 15 281473523236880 Found 0 multi-day events to delete: []
INFO 2025-06-03 16:32:00,154 tasks 15 281473523236880 Found 0 single-day events (no end date) to delete: []
INFO 2025-06-03 16:32:00,155 tasks 15 281473523236880 Found 0 single-day events (same dates) to delete: []
INFO 2025-06-03 16:32:00,161 tasks 15 281473523236880 Successfully deleted 0 events with outdated dates
INFO 2025-06-03 16:33:00,065 tasks 15 281473523236880 Starting deletion of outdated events
INFO 2025-06-03 16:33:00,067 tasks 15 281473523236880 Checking events before 2025-06-02 (UTC)
INFO 2025-06-03 16:33:00,152 tasks 15 281473523236880 Found 0 multi-day events to delete: []
INFO 2025-06-03 16:33:00,153 tasks 15 281473523236880 Found 0 single-day events (no end date) to delete: []
INFO 2025-06-03 16:33:00,153 tasks 15 281473523236880 Found 0 single-day events (same dates) to delete: []
INFO 2025-06-03 16:33:00,160 tasks 15 281473523236880 Successfully deleted 0 events with outdated dates
INFO 2025-06-03 16:36:00,007 tasks 15 281473523236880 Starting deletion of outdated events
INFO 2025-06-03 16:36:00,008 tasks 15 281473523236880 Checking events before 2025-06-02 (UTC)
INFO 2025-06-03 16:36:00,091 tasks 15 281473523236880 Found 1 multi-day events to delete: [{'id': 47, 'name': 'Концерт atl', 'date_start': datetime.date(2025, 6, 3), 'date_end': datetime.date(2025, 6, 1)}]
INFO 2025-06-03 16:36:00,091 tasks 15 281473523236880 Found 0 single-day events (no end date) to delete: []
INFO 2025-06-03 16:36:00,092 tasks 15 281473523236880 Found 0 single-day events (same dates) to delete: []
INFO 2025-06-03 16:36:00,129 tasks 15 281473523236880 Successfully deleted 2 events with outdated dates
INFO 2025-06-03 16:37:00,034 tasks 15 281473523236880 Starting deletion of outdated events
INFO 2025-06-03 16:37:00,035 tasks 15 281473523236880 Checking events before 2025-06-02 (UTC)
INFO 2025-06-03 16:37:00,099 tasks 15 281473523236880 Found 0 multi-day events to delete: []
INFO 2025-06-03 16:37:00,099 tasks 15 281473523236880 Found 0 single-day events (no end date) to delete: []
INFO 2025-06-03 16:37:00,099 tasks 15 281473523236880 Found 0 single-day events (same dates) to delete: []
INFO 2025-06-03 16:37:00,106 tasks 15 281473523236880 Successfully deleted 0 events with outdated dates
INFO 2025-06-03 16:40:00,045 tasks 15 281473523236880 Starting deletion of outdated events
INFO 2025-06-03 16:40:00,046 tasks 15 281473523236880 Checking events before 2025-06-02 (UTC)
INFO 2025-06-03 16:40:00,131 tasks 15 281473523236880 Found 0 multi-day events to delete: []
INFO 2025-06-03 16:40:00,132 tasks 15 281473523236880 Found 0 single-day events (no end date) to delete: []
INFO 2025-06-03 16:40:00,132 tasks 15 281473523236880 Found 0 single-day events (same dates) to delete: []
INFO 2025-06-03 16:40:00,140 tasks 15 281473523236880 Successfully deleted 0 events with outdated dates
INFO 2025-06-03 16:41:00,066 tasks 15 281473523236880 Starting deletion of outdated events
INFO 2025-06-03 16:41:00,066 tasks 15 281473523236880 Checking events before 2025-06-02 (UTC)
INFO 2025-06-03 16:41:00,149 tasks 15 281473523236880 Found 0 multi-day events to delete: []
INFO 2025-06-03 16:41:00,149 tasks 15 281473523236880 Found 0 single-day events (no end date) to delete: []
INFO 2025-06-03 16:41:00,149 tasks 15 281473523236880 Found 0 single-day events (same dates) to delete: []
INFO 2025-06-03 16:41:00,157 tasks 15 281473523236880 Successfully deleted 0 events with outdated dates
INFO 2025-06-03 16:43:00,123 tasks 15 281473523236880 Starting deletion of outdated events
INFO 2025-06-03 16:43:00,125 tasks 15 281473523236880 Checking events before 2025-06-02 (UTC)
INFO 2025-06-03 16:43:00,214 tasks 15 281473523236880 Found 0 multi-day events to delete: []
INFO 2025-06-03 16:43:00,214 tasks 15 281473523236880 Found 0 single-day events (no end date) to delete: []
INFO 2025-06-03 16:43:00,214 tasks 15 281473523236880 Found 0 single-day events (same dates) to delete: []
INFO 2025-06-03 16:43:00,223 tasks 15 281473523236880 Successfully deleted 0 events with outdated dates
INFO 2025-06-03 16:44:00,028 tasks 15 281473523236880 Starting deletion of outdated events
INFO 2025-06-03 16:44:00,030 tasks 15 281473523236880 Checking events before 2025-06-02 (UTC)
INFO 2025-06-03 16:44:00,101 tasks 15 281473523236880 Found 0 multi-day events to delete: []
INFO 2025-06-03 16:44:00,102 tasks 15 281473523236880 Found 0 single-day events (no end date) to delete: []
INFO 2025-06-03 16:44:00,102 tasks 15 281473523236880 Found 0 single-day events (same dates) to delete: []
INFO 2025-06-03 16:44:00,109 tasks 15 281473523236880 Successfully deleted 0 events with outdated dates
INFO 2025-06-03 16:45:00,063 tasks 15 281473523236880 Starting deletion of outdated events
INFO 2025-06-03 16:45:00,065 tasks 15 281473523236880 Checking events before 2025-06-02 (UTC)
INFO 2025-06-03 16:45:00,147 tasks 15 281473523236880 Found 0 multi-day events to delete: []
INFO 2025-06-03 16:45:00,147 tasks 15 281473523236880 Found 0 single-day events (no end date) to delete: []
INFO 2025-06-03 16:45:00,147 tasks 15 281473523236880 Found 0 single-day events (same dates) to delete: []
INFO 2025-06-03 16:45:00,155 tasks 15 281473523236880 Successfully deleted 0 events with outdated dates
INFO 2025-06-03 16:47:00,063 tasks 15 281473523236880 Starting deletion of outdated events
INFO 2025-06-03 16:47:00,065 tasks 15 281473523236880 Checking events before 2025-06-02 (UTC)
INFO 2025-06-03 16:47:00,145 tasks 15 281473523236880 Found 0 multi-day events to delete: []
INFO 2025-06-03 16:47:00,145 tasks 15 281473523236880 Found 0 single-day events (no end date) to delete: []
INFO 2025-06-03 16:47:00,145 tasks 15 281473523236880 Found 0 single-day events (same dates) to delete: []
INFO 2025-06-03 16:47:00,153 tasks 15 281473523236880 Successfully deleted 0 events with outdated dates
INFO 2025-06-03 16:49:00,057 tasks 15 281473523236880 Starting deletion of outdated events
INFO 2025-06-03 16:49:00,059 tasks 15 281473523236880 Checking events before 2025-06-02 (UTC)
INFO 2025-06-03 16:49:00,138 tasks 15 281473523236880 Found 0 multi-day events to delete: []
INFO 2025-06-03 16:49:00,138 tasks 15 281473523236880 Found 0 single-day events (no end date) to delete: []
INFO 2025-06-03 16:49:00,138 tasks 15 281473523236880 Found 0 single-day events (same dates) to delete: []
INFO 2025-06-03 16:49:00,147 tasks 15 281473523236880 Successfully deleted 0 events with outdated dates
INFO 2025-06-03 16:50:00,003 tasks 15 281473523236880 Starting deletion of outdated events
INFO 2025-06-03 16:50:00,004 tasks 15 281473523236880 Checking events before 2025-06-02 (UTC)
INFO 2025-06-03 16:50:00,065 tasks 15 281473523236880 Found 0 multi-day events to delete: []
INFO 2025-06-03 16:50:00,066 tasks 15 281473523236880 Found 0 single-day events (no end date) to delete: []
INFO 2025-06-03 16:50:00,066 tasks 15 281473523236880 Found 0 single-day events (same dates) to delete: []
INFO 2025-06-03 16:50:00,073 tasks 15 281473523236880 Successfully deleted 0 events with outdated dates
INFO 2025-06-03 16:51:00,071 tasks 15 281473523236880 Starting deletion of outdated events
INFO 2025-06-03 16:51:00,072 tasks 15 281473523236880 Checking events before 2025-06-02 (UTC)
INFO 2025-06-03 16:51:00,153 tasks 15 281473523236880 Found 0 multi-day events to delete: []
INFO 2025-06-03 16:51:00,153 tasks 15 281473523236880 Found 0 single-day events (no end date) to delete: []
INFO 2025-06-03 16:51:00,153 tasks 15 281473523236880 Found 0 single-day events (same dates) to delete: []
INFO 2025-06-03 16:51:00,160 tasks 15 281473523236880 Successfully deleted 0 events with outdated dates
INFO 2025-06-03 16:54:00,007 tasks 15 281473523236880 Starting deletion of outdated events
INFO 2025-06-03 16:54:00,008 tasks 15 281473523236880 Checking events before 2025-06-02 (UTC)
INFO 2025-06-03 16:54:00,093 tasks 15 281473523236880 Found 0 multi-day events to delete: []
INFO 2025-06-03 16:54:00,093 tasks 15 281473523236880 Found 0 single-day events (no end date) to delete: []
INFO 2025-06-03 16:54:00,093 tasks 15 281473523236880 Found 0 single-day events (same dates) to delete: []
INFO 2025-06-03 16:54:00,101 tasks 15 281473523236880 Successfully deleted 0 events with outdated dates
INFO 2025-06-03 16:55:00,067 tasks 15 281473523236880 Starting deletion of outdated events
INFO 2025-06-03 16:55:00,068 tasks 15 281473523236880 Checking events before 2025-06-02 (UTC)
INFO 2025-06-03 16:55:00,155 tasks 15 281473523236880 Found 0 multi-day events to delete: []
INFO 2025-06-03 16:55:00,156 tasks 15 281473523236880 Found 0 single-day events (no end date) to delete: []
INFO 2025-06-03 16:55:00,156 tasks 15 281473523236880 Found 0 single-day events (same dates) to delete: []
INFO 2025-06-03 16:55:00,163 tasks 15 281473523236880 Successfully deleted 0 events with outdated dates
INFO 2025-06-03 16:59:00,043 tasks 15 281473523236880 Starting deletion of outdated events
INFO 2025-06-03 16:59:00,044 tasks 15 281473523236880 Checking events before 2025-06-02 (UTC)
INFO 2025-06-03 16:59:00,118 tasks 15 281473523236880 Found 0 multi-day events to delete: []
INFO 2025-06-03 16:59:00,119 tasks 15 281473523236880 Found 0 single-day events (no end date) to delete: []
INFO 2025-06-03 16:59:00,119 tasks 15 281473523236880 Found 0 single-day events (same dates) to delete: []
INFO 2025-06-03 16:59:00,126 tasks 15 281473523236880 Successfully deleted 0 events with outdated dates
